2019-08-02 11:11:08,551 - utils - INFO - {'model_path': './checkpoints/InvertedPendulum-v2/', 'env_name': 'InvertedPendulum-v2', 'render': False, 'learning_rate': 0.0005, 'reward_decay': 0.99, 'max_episode': 50, 'num_optim': None, 'num_collect': 10, 'horizon': 30, 'seed': 123, 'pretrain': False}
2019-08-02 11:11:19,551 - utils - INFO - Get real data from random policy
2019-08-02 11:11:21,245 - utils - INFO - --Initial: 	 average reward: 7.800000 	 variance of reward: 8.760000
2019-08-02 11:12:01,271 - utils - INFO - {'model_path': './checkpoints/InvertedPendulum-v2/', 'env_name': 'InvertedPendulum-v2', 'render': False, 'learning_rate': 0.0005, 'reward_decay': 0.99, 'max_episode': 50, 'num_optim': None, 'num_collect': 10, 'horizon': 30, 'seed': 123, 'pretrain': False}
2019-08-02 11:12:03,087 - utils - INFO - Get real data from random policy
2019-08-02 11:12:04,569 - utils - INFO - --Initial: 	 average reward: 8.750000 	 variance of reward: 29.387500
2019-08-02 11:12:04,569 - utils - INFO - ******************************************************************************************
2019-08-02 11:12:04,569 - utils - INFO - the 0 th rollout begins.
2019-08-02 11:12:04,569 - utils - INFO - ******************************************************************************************
2019-08-02 11:14:11,216 - utils - INFO - 0 episodes: 	 average reward: 10.950000 	 variance of reward: 33.247500
2019-08-02 11:14:11,216 - utils - INFO - ******************************************************************************************
2019-08-02 11:14:11,216 - utils - INFO - the 1 th rollout begins.
2019-08-02 11:14:11,216 - utils - INFO - ******************************************************************************************
2019-08-02 11:18:38,198 - utils - INFO - 1 episodes: 	 average reward: 7.450000 	 variance of reward: 16.847500
2019-08-02 11:18:38,199 - utils - INFO - ******************************************************************************************
2019-08-02 11:18:38,199 - utils - INFO - the 2 th rollout begins.
2019-08-02 11:18:38,199 - utils - INFO - ******************************************************************************************
2019-08-02 11:20:13,147 - utils - INFO - 2 episodes: 	 average reward: 9.150000 	 variance of reward: 37.627500
2019-08-02 11:20:13,147 - utils - INFO - ******************************************************************************************
2019-08-02 11:20:13,147 - utils - INFO - the 3 th rollout begins.
2019-08-02 11:20:13,147 - utils - INFO - ******************************************************************************************
2019-08-02 11:20:53,828 - utils - INFO - 3 episodes: 	 average reward: 8.550000 	 variance of reward: 21.847500
2019-08-02 11:20:53,828 - utils - INFO - ******************************************************************************************
2019-08-02 11:20:53,828 - utils - INFO - the 4 th rollout begins.
2019-08-02 11:20:53,828 - utils - INFO - ******************************************************************************************
2019-08-02 11:23:49,056 - utils - INFO - 4 episodes: 	 average reward: 8.550000 	 variance of reward: 12.947500
2019-08-02 11:23:49,056 - utils - INFO - ******************************************************************************************
2019-08-02 11:23:49,056 - utils - INFO - the 5 th rollout begins.
2019-08-02 11:23:49,056 - utils - INFO - ******************************************************************************************
2019-08-02 11:29:02,934 - utils - INFO - 5 episodes: 	 average reward: 9.400000 	 variance of reward: 46.940000
2019-08-02 11:29:02,934 - utils - INFO - ******************************************************************************************
2019-08-02 11:29:02,935 - utils - INFO - the 6 th rollout begins.
2019-08-02 11:29:02,935 - utils - INFO - ******************************************************************************************
2019-08-02 11:33:58,016 - utils - INFO - 6 episodes: 	 average reward: 8.550000 	 variance of reward: 23.747500
2019-08-02 11:33:58,016 - utils - INFO - ******************************************************************************************
2019-08-02 11:33:58,016 - utils - INFO - the 7 th rollout begins.
2019-08-02 11:33:58,016 - utils - INFO - ******************************************************************************************
2019-08-02 11:40:53,429 - utils - INFO - 7 episodes: 	 average reward: 10.550000 	 variance of reward: 19.147500
2019-08-02 11:40:53,430 - utils - INFO - ******************************************************************************************
2019-08-02 11:40:53,430 - utils - INFO - the 8 th rollout begins.
2019-08-02 11:40:53,430 - utils - INFO - ******************************************************************************************
2019-08-02 11:46:35,318 - utils - INFO - 8 episodes: 	 average reward: 9.400000 	 variance of reward: 12.040000
2019-08-02 11:46:35,319 - utils - INFO - ******************************************************************************************
2019-08-02 11:46:35,319 - utils - INFO - the 9 th rollout begins.
2019-08-02 11:46:35,319 - utils - INFO - ******************************************************************************************
2019-08-02 11:49:31,753 - utils - INFO - 9 episodes: 	 average reward: 7.900000 	 variance of reward: 18.790000
2019-08-02 11:49:31,753 - utils - INFO - ******************************************************************************************
2019-08-02 11:49:31,753 - utils - INFO - the 10 th rollout begins.
2019-08-02 11:49:31,753 - utils - INFO - ******************************************************************************************
2019-08-02 11:52:56,026 - utils - INFO - 10 episodes: 	 average reward: 11.850000 	 variance of reward: 49.827500
2019-08-02 11:52:56,027 - utils - INFO - ******************************************************************************************
2019-08-02 11:52:56,027 - utils - INFO - the 11 th rollout begins.
2019-08-02 11:52:56,027 - utils - INFO - ******************************************************************************************
2019-08-02 11:56:48,123 - utils - INFO - 11 episodes: 	 average reward: 13.250000 	 variance of reward: 77.587500
2019-08-02 11:56:48,123 - utils - INFO - ******************************************************************************************
2019-08-02 11:56:48,123 - utils - INFO - the 12 th rollout begins.
2019-08-02 11:56:48,123 - utils - INFO - ******************************************************************************************
2019-08-02 12:01:59,459 - utils - INFO - 12 episodes: 	 average reward: 11.150000 	 variance of reward: 48.627500
2019-08-02 12:01:59,459 - utils - INFO - ******************************************************************************************
2019-08-02 12:01:59,459 - utils - INFO - the 13 th rollout begins.
2019-08-02 12:01:59,459 - utils - INFO - ******************************************************************************************
2019-08-02 12:04:47,117 - utils - INFO - 13 episodes: 	 average reward: 10.700000 	 variance of reward: 37.310000
2019-08-02 12:04:47,117 - utils - INFO - ******************************************************************************************
2019-08-02 12:04:47,118 - utils - INFO - the 14 th rollout begins.
2019-08-02 12:04:47,118 - utils - INFO - ******************************************************************************************
2019-08-02 12:06:52,035 - utils - INFO - 14 episodes: 	 average reward: 9.700000 	 variance of reward: 16.610000
2019-08-02 12:06:52,035 - utils - INFO - ******************************************************************************************
2019-08-02 12:06:52,035 - utils - INFO - the 15 th rollout begins.
2019-08-02 12:06:52,035 - utils - INFO - ******************************************************************************************
2019-08-02 12:10:29,815 - utils - INFO - 15 episodes: 	 average reward: 11.400000 	 variance of reward: 29.740000
2019-08-02 12:10:29,815 - utils - INFO - ******************************************************************************************
2019-08-02 12:10:29,815 - utils - INFO - the 16 th rollout begins.
2019-08-02 12:10:29,815 - utils - INFO - ******************************************************************************************
2019-08-02 12:20:44,810 - utils - INFO - 16 episodes: 	 average reward: 11.050000 	 variance of reward: 26.247500
2019-08-02 12:20:44,810 - utils - INFO - ******************************************************************************************
2019-08-02 12:20:44,811 - utils - INFO - the 17 th rollout begins.
2019-08-02 12:20:44,811 - utils - INFO - ******************************************************************************************
2019-08-02 12:25:04,426 - utils - INFO - 17 episodes: 	 average reward: 11.750000 	 variance of reward: 29.987500
2019-08-02 12:25:04,427 - utils - INFO - ******************************************************************************************
2019-08-02 12:25:04,427 - utils - INFO - the 18 th rollout begins.
2019-08-02 12:25:04,427 - utils - INFO - ******************************************************************************************
2019-08-02 12:32:23,404 - utils - INFO - 18 episodes: 	 average reward: 14.750000 	 variance of reward: 97.687500
2019-08-02 12:32:23,405 - utils - INFO - ******************************************************************************************
2019-08-02 12:32:23,405 - utils - INFO - the 19 th rollout begins.
2019-08-02 12:32:23,405 - utils - INFO - ******************************************************************************************
2019-08-02 12:38:07,250 - utils - INFO - 19 episodes: 	 average reward: 13.850000 	 variance of reward: 98.627500
2019-08-02 12:38:07,251 - utils - INFO - ******************************************************************************************
2019-08-02 12:38:07,251 - utils - INFO - the 20 th rollout begins.
2019-08-02 12:38:07,251 - utils - INFO - ******************************************************************************************
2019-08-02 12:41:27,514 - utils - INFO - 20 episodes: 	 average reward: 16.200000 	 variance of reward: 52.460000
2019-08-02 12:41:27,514 - utils - INFO - ******************************************************************************************
2019-08-02 12:41:27,514 - utils - INFO - the 21 th rollout begins.
2019-08-02 12:41:27,515 - utils - INFO - ******************************************************************************************
2019-08-02 12:47:04,111 - utils - INFO - 21 episodes: 	 average reward: 12.850000 	 variance of reward: 98.427500
2019-08-02 12:47:04,111 - utils - INFO - ******************************************************************************************
2019-08-02 12:47:04,111 - utils - INFO - the 22 th rollout begins.
2019-08-02 12:47:04,111 - utils - INFO - ******************************************************************************************
2019-08-02 12:54:19,978 - utils - INFO - 22 episodes: 	 average reward: 17.900000 	 variance of reward: 86.690000
2019-08-02 12:54:19,979 - utils - INFO - ******************************************************************************************
2019-08-02 12:54:19,979 - utils - INFO - the 23 th rollout begins.
2019-08-02 12:54:19,979 - utils - INFO - ******************************************************************************************
2019-08-02 13:00:13,657 - utils - INFO - 23 episodes: 	 average reward: 18.950000 	 variance of reward: 159.347500
2019-08-02 13:00:13,658 - utils - INFO - ******************************************************************************************
2019-08-02 13:00:13,658 - utils - INFO - the 24 th rollout begins.
2019-08-02 13:00:13,658 - utils - INFO - ******************************************************************************************
2019-08-02 13:03:26,741 - utils - INFO - 24 episodes: 	 average reward: 22.000000 	 variance of reward: 139.700000
2019-08-02 13:03:26,741 - utils - INFO - ******************************************************************************************
2019-08-02 13:03:26,741 - utils - INFO - the 25 th rollout begins.
2019-08-02 13:03:26,741 - utils - INFO - ******************************************************************************************
2019-08-02 13:08:16,650 - utils - INFO - 25 episodes: 	 average reward: 17.550000 	 variance of reward: 122.747500
2019-08-02 13:08:16,650 - utils - INFO - ******************************************************************************************
2019-08-02 13:08:16,650 - utils - INFO - the 26 th rollout begins.
2019-08-02 13:08:16,650 - utils - INFO - ******************************************************************************************
2019-08-02 13:18:54,190 - utils - INFO - 26 episodes: 	 average reward: 14.450000 	 variance of reward: 67.747500
2019-08-02 13:18:54,191 - utils - INFO - ******************************************************************************************
2019-08-02 13:18:54,191 - utils - INFO - the 27 th rollout begins.
2019-08-02 13:18:54,191 - utils - INFO - ******************************************************************************************
2019-08-02 13:24:54,669 - utils - INFO - 27 episodes: 	 average reward: 27.250000 	 variance of reward: 287.487500
2019-08-02 13:24:54,669 - utils - INFO - ******************************************************************************************
2019-08-02 13:24:54,669 - utils - INFO - the 28 th rollout begins.
2019-08-02 13:24:54,669 - utils - INFO - ******************************************************************************************
2019-08-02 13:27:33,173 - utils - INFO - 28 episodes: 	 average reward: 19.950000 	 variance of reward: 74.647500
2019-08-02 13:27:33,173 - utils - INFO - ******************************************************************************************
2019-08-02 13:27:33,174 - utils - INFO - the 29 th rollout begins.
2019-08-02 13:27:33,174 - utils - INFO - ******************************************************************************************
2019-08-02 13:33:36,483 - utils - INFO - 29 episodes: 	 average reward: 21.200000 	 variance of reward: 95.860000
2019-08-02 13:33:36,483 - utils - INFO - ******************************************************************************************
2019-08-02 13:33:36,483 - utils - INFO - the 30 th rollout begins.
2019-08-02 13:33:36,483 - utils - INFO - ******************************************************************************************
2019-08-02 13:39:10,745 - utils - INFO - 30 episodes: 	 average reward: 18.800000 	 variance of reward: 142.360000
2019-08-02 13:39:10,745 - utils - INFO - ******************************************************************************************
2019-08-02 13:39:10,746 - utils - INFO - the 31 th rollout begins.
2019-08-02 13:39:10,746 - utils - INFO - ******************************************************************************************
2019-08-02 13:45:42,240 - utils - INFO - 31 episodes: 	 average reward: 23.900000 	 variance of reward: 145.190000
2019-08-02 13:45:42,241 - utils - INFO - ******************************************************************************************
2019-08-02 13:45:42,241 - utils - INFO - the 32 th rollout begins.
2019-08-02 13:45:42,241 - utils - INFO - ******************************************************************************************
2019-08-02 13:53:36,654 - utils - INFO - 32 episodes: 	 average reward: 30.150000 	 variance of reward: 340.627500
2019-08-02 13:53:36,655 - utils - INFO - ******************************************************************************************
2019-08-02 13:53:36,655 - utils - INFO - the 33 th rollout begins.
2019-08-02 13:53:36,655 - utils - INFO - ******************************************************************************************
2019-08-02 14:00:12,518 - utils - INFO - 33 episodes: 	 average reward: 21.200000 	 variance of reward: 148.260000
2019-08-02 14:00:12,519 - utils - INFO - ******************************************************************************************
2019-08-02 14:00:12,519 - utils - INFO - the 34 th rollout begins.
2019-08-02 14:00:12,519 - utils - INFO - ******************************************************************************************
2019-08-02 14:08:24,810 - utils - INFO - 34 episodes: 	 average reward: 21.550000 	 variance of reward: 155.147500
2019-08-02 14:08:24,811 - utils - INFO - ******************************************************************************************
2019-08-02 14:08:24,811 - utils - INFO - the 35 th rollout begins.
2019-08-02 14:08:24,811 - utils - INFO - ******************************************************************************************
2019-08-02 14:10:08,340 - utils - INFO - 35 episodes: 	 average reward: 27.750000 	 variance of reward: 273.487500
2019-08-02 14:10:08,341 - utils - INFO - ******************************************************************************************
2019-08-02 14:10:08,341 - utils - INFO - the 36 th rollout begins.
2019-08-02 14:10:08,341 - utils - INFO - ******************************************************************************************
2019-08-02 14:16:46,683 - utils - INFO - 36 episodes: 	 average reward: 25.750000 	 variance of reward: 213.087500
2019-08-02 14:16:46,684 - utils - INFO - ******************************************************************************************
2019-08-02 14:16:46,684 - utils - INFO - the 37 th rollout begins.
2019-08-02 14:16:46,684 - utils - INFO - ******************************************************************************************
2019-08-02 14:21:54,599 - utils - INFO - 37 episodes: 	 average reward: 26.250000 	 variance of reward: 155.287500
2019-08-02 14:21:54,599 - utils - INFO - ******************************************************************************************
2019-08-02 14:21:54,599 - utils - INFO - the 38 th rollout begins.
2019-08-02 14:21:54,599 - utils - INFO - ******************************************************************************************
2019-08-02 14:32:24,970 - utils - INFO - 38 episodes: 	 average reward: 30.850000 	 variance of reward: 249.227500
2019-08-02 14:32:24,970 - utils - INFO - ******************************************************************************************
2019-08-02 14:32:24,970 - utils - INFO - the 39 th rollout begins.
2019-08-02 14:32:24,970 - utils - INFO - ******************************************************************************************
2019-08-02 14:37:41,469 - utils - INFO - 39 episodes: 	 average reward: 30.250000 	 variance of reward: 474.187500
2019-08-02 14:37:41,469 - utils - INFO - ******************************************************************************************
2019-08-02 14:37:41,469 - utils - INFO - the 40 th rollout begins.
2019-08-02 14:37:41,469 - utils - INFO - ******************************************************************************************
2019-08-02 14:50:56,338 - utils - INFO - 40 episodes: 	 average reward: 38.850000 	 variance of reward: 248.727500
2019-08-02 14:50:56,338 - utils - INFO - ******************************************************************************************
2019-08-02 14:50:56,339 - utils - INFO - the 41 th rollout begins.
2019-08-02 14:50:56,339 - utils - INFO - ******************************************************************************************
2019-08-02 14:54:41,846 - utils - INFO - 41 episodes: 	 average reward: 30.450000 	 variance of reward: 427.747500
2019-08-02 14:54:41,846 - utils - INFO - ******************************************************************************************
2019-08-02 14:54:41,846 - utils - INFO - the 42 th rollout begins.
2019-08-02 14:54:41,847 - utils - INFO - ******************************************************************************************
2019-08-02 15:01:48,276 - utils - INFO - 42 episodes: 	 average reward: 29.000000 	 variance of reward: 321.100000
2019-08-02 15:01:48,276 - utils - INFO - ******************************************************************************************
2019-08-02 15:01:48,276 - utils - INFO - the 43 th rollout begins.
2019-08-02 15:01:48,276 - utils - INFO - ******************************************************************************************
2019-08-02 15:11:40,438 - utils - INFO - 43 episodes: 	 average reward: 34.850000 	 variance of reward: 349.027500
2019-08-02 15:11:40,439 - utils - INFO - ******************************************************************************************
2019-08-02 15:11:40,439 - utils - INFO - the 44 th rollout begins.
2019-08-02 15:11:40,439 - utils - INFO - ******************************************************************************************
2019-08-02 15:20:57,841 - utils - INFO - 44 episodes: 	 average reward: 38.250000 	 variance of reward: 442.787500
2019-08-02 15:20:57,841 - utils - INFO - ******************************************************************************************
2019-08-02 15:20:57,841 - utils - INFO - the 45 th rollout begins.
2019-08-02 15:20:57,841 - utils - INFO - ******************************************************************************************
2019-08-02 15:28:26,907 - utils - INFO - 45 episodes: 	 average reward: 46.750000 	 variance of reward: 1229.487500
2019-08-02 15:28:26,907 - utils - INFO - ******************************************************************************************
2019-08-02 15:28:26,907 - utils - INFO - the 46 th rollout begins.
2019-08-02 15:28:26,907 - utils - INFO - ******************************************************************************************
2019-08-02 15:36:48,802 - utils - INFO - 46 episodes: 	 average reward: 32.700000 	 variance of reward: 339.410000
2019-08-02 15:36:48,802 - utils - INFO - ******************************************************************************************
2019-08-02 15:36:48,802 - utils - INFO - the 47 th rollout begins.
2019-08-02 15:36:48,802 - utils - INFO - ******************************************************************************************
2019-08-02 15:47:15,741 - utils - INFO - 47 episodes: 	 average reward: 37.650000 	 variance of reward: 581.927500
2019-08-02 15:47:15,742 - utils - INFO - ******************************************************************************************
2019-08-02 15:47:15,742 - utils - INFO - the 48 th rollout begins.
2019-08-02 15:47:15,742 - utils - INFO - ******************************************************************************************
2019-08-02 15:51:55,968 - utils - INFO - 48 episodes: 	 average reward: 56.450000 	 variance of reward: 1428.347500
2019-08-02 15:51:55,968 - utils - INFO - ******************************************************************************************
2019-08-02 15:51:55,968 - utils - INFO - the 49 th rollout begins.
2019-08-02 15:51:55,968 - utils - INFO - ******************************************************************************************
2019-08-02 16:03:49,448 - utils - INFO - 49 episodes: 	 average reward: 42.800000 	 variance of reward: 682.760000
2019-08-02 16:03:49,630 - utils - INFO - Finished !
2019-08-02 16:03:49,826 - utils - INFO - figure store in: ./checkpoints/InvertedPendulum-v2/actor_ep_reward.png
